=== EMAIL SIMULASI (LOCAL) ===
Kepada: admin@gmail.com
Subjek: Verifikasi Akun OWL Device
Link: http://localhost/owl_device/verify?token=67d71c08c7fad64386e0465eab9b1849da9bb16038229b36c51fc4c4bf8900e1

=== EMAIL SIMULASI (LOCAL) ===
Kepada: abdil.anolma@yahoo.com
Subjek: Verifikasi Akun OWL Device
Link: http://localhost/owl_device/verify?token=6b78a93c0e8a5a1d3a48d09276b2cfb91d3b71a13b873c703aa64380ccb83509

=== EMAIL SIMULASI (LOCAL) ===
Kepada: abdil.anolma@yahoo.com
Subjek: Verifikasi Akun OWL Device
Link: http://localhost/owl_device/verify?token=887f33d00110a536c6335fa02c7e001623c0351bafcc30cbf081d236a5fc4b78


=== EMAIL SIMULASI (LOCAL) ===
Kepada: admin2@gmail.com
Subjek: Verifikasi Akun OWL Device
Link: http://localhost/owl_device/verify?token=a156e7890a927e550ef08d1151555f1c10b982403565b3429541b0bfa974cf16

=== EMAIL SIMULASI (LOCAL) ===
Kepada: admin3@gmail.com
Subjek: Verifikasi Akun OWL Device
Link: http://localhost/owl_device/verify?token=fc87631ff0638b6845ba7268559cf316ec471ed1446bb665735023ce7e43d9b5

=== EMAIL SIMULASI (LOCAL) ===
Kepada: admin@gmail.com
Subjek: Verifikasi Akun OWL Device
Link: http://localhost/owl_device/verify?token=752cad8d4f715ffc3d09b497dc07728deb577af9a6551984c5834c8434a98eee

=== EMAIL SIMULASI (LOCAL) ===
Kepada: admin1@gmail.com
Subjek: Verifikasi Akun OWL Device
Link: http://localhost/owl_device/verify?token=6c95baf0dbe459a1314949538a3a26138880a360fc0e998c104c3aaeefe1d3c8

=== EMAIL SIMULASI (LOCAL) ===
Kepada: admin2@gmail.com
Subjek: Verifikasi Akun OWL Device
Link: http://localhost/owl_device/verify?token=cb08b6e1b54bba169fbaf7a6eba2c1a79cc21479847585cb007c3be0e6377eb3

=== EMAIL SIMULASI (LOCAL) ===
Kepada: admin@gmail.com
Subjek: Verifikasi Akun OWL Device
Link: http://localhost/owl_device/verify?token=5b532e480393f36af7448ad79e1a6418e18f9bd320d15ec7987da41e63285962

=== EMAIL SIMULASI (LOCAL) ===
Kepada: admin2@gmail.com
Subjek: Verifikasi Akun OWL Device
Link: http://localhost/owl_device/verify?token=d4c7a54c12968c5bb4b4dfa1726dfb9693908066e0f09c11b610a8ab98cabd8b

=== EMAIL SIMULASI (LOCAL) ===
Kepada: admin3@gmail.com
Subjek: Verifikasi Akun OWL Device
Link: http://localhost/owl_device/verify?token=b8dd7a8ef0ae56885a7c9234adc668092eebd7725787ccc63d890338a8eeaf7b

=== EMAIL SIMULASI (LOCAL) ===
Kepada: admin4@gmail.com
Subjek: Verifikasi Akun OWL Device
Link: http://localhost/owl_device/verify?token=dcddce645321ccc3953b29bd7a7203ef67b42ff5bb63b213c4740be0eaf39fcd

=== EMAIL SIMULASI (LOCAL) ===
Kepada: makarimalkarim@gmail.com
Subjek: Verifikasi Akun OWL Device
Link: http://localhost/owl_device/verify?token=b3057a815820cb128ec8624dca67f4cff45fdb063903a84dd41625d44ad45f53

